<?xml version="1.0" encoding="UTF-8"?>
<!-- Generated by org.testng.reporters.JUnitReportReporter -->
<testsuite hostname="Dell" failures="0" tests="2" name="Package2.contactForm" time="63.705" errors="0" timestamp="2023-06-11T11:18:47 BDT" skipped="0">
  <testcase classname="Package2.contactForm" name="Newcontact" time="22.010"/>
  <system-out/>
  <testcase classname="Package2.contactForm" name="AddressBookInfo" time="41.695"/>
  <system-out/>
</testsuite> <!-- Package2.contactForm -->
