<?xml version="1.0" encoding="UTF-8"?>
<!-- Generated by org.testng.reporters.JUnitReportReporter -->
<testsuite hostname="Dell" failures="0" tests="1" name="Package2.Login" time="14.907" errors="0" timestamp="2023-06-11T11:18:47 BDT" skipped="0">
  <testcase classname="Package2.Login" name="login" time="14.907"/>
  <system-out/>
</testsuite> <!-- Package2.Login -->
